<?xml version="1.0" encoding="UTF-8"?>
<!-- Generated by org.testng.reporters.JUnitReportReporter -->
<testsuite hostname="LT-NB-058" name="automationFramework.PageObjectModel" tests="2" failures="0" timestamp="3 Oct 2016 10:47:36 GMT" time="4.987" errors="0">
  <testcase name="loginMethod" time="3.499" classname="automationFramework.PageObjectModel"/>
  <testcase name="accountVerifyMethod" time="1.488" classname="automationFramework.PageObjectModel"/>
</testsuite> <!-- automationFramework.PageObjectModel -->
